2024-05-16 08:53:15,696-ERROR-HTTP Error: 404 Client Error: Not Found for url: https://www.booktopia.com.au/book/9780061763403.html
2024-05-16 08:51:18,061-ERROR-HTTP Error: 404 Client Error: Not Found for url: https://www.booktopia.com.au/book/9780061763403.html
2024-05-16 11:15:33,262-ERROR-HTTP Error: 404 Client Error: Not Found for url: https://www.booktopia.com.au/book/9780061763403.html
2024-05-16 11:17:55,197-ERROR-HTTP Error: 404 Client Error: Not Found for url: https://www.booktopia.com.au/book/9780061763403.html
2024-05-16 11:19:29,661-ERROR-HTTP Error: 404 Client Error: Not Found for url: https://www.booktopia.com.au/book/9780061763403.html
2024-05-16 15:01:49,137-ERROR-HTTP Error: 403 Client Error: Forbidden for url: https://www.booktopia.com.au/book/9780007461240.html
2024-05-16 15:02:30,735-ERROR-HTTP Error: 403 Client Error: Forbidden for url: https://www.booktopia.com.au/book/9780007461240.html
2024-05-17 09:38:18,892-ERROR-HTTP Error: 403 Client Error: Forbidden for url: https://www.booktopia.com.au/book/9780141183053.html
2024-05-17 09:38:19,493-ERROR-HTTP Error: 403 Client Error: Forbidden for url: https://www.booktopia.com.au/book/9780141183053.html
2024-05-17 09:38:20,027-ERROR-HTTP Error: 403 Client Error: Forbidden for url: https://www.booktopia.com.au/book/9780141183053.html
2024-05-17 09:38:20,699-ERROR-HTTP Error: 403 Client Error: Forbidden for url: https://www.booktopia.com.au/book/9780141183053.html
2024-05-17 09:38:21,275-ERROR-HTTP Error: 403 Client Error: Forbidden for url: https://www.booktopia.com.au/book/9780141183053.html
2024-05-17 09:38:21,860-ERROR-HTTP Error: 403 Client Error: Forbidden for url: https://www.booktopia.com.au/book/9780141183053.html
2024-05-17 09:38:22,390-ERROR-HTTP Error: 403 Client Error: Forbidden for url: https://www.booktopia.com.au/book/9780141183053.html
2024-05-17 09:38:22,936-ERROR-HTTP Error: 403 Client Error: Forbidden for url: https://www.booktopia.com.au/book/9780141183053.html
2024-05-17 09:38:23,445-ERROR-HTTP Error: 403 Client Error: Forbidden for url: https://www.booktopia.com.au/book/9780141183053.html
2024-05-17 09:38:24,025-ERROR-HTTP Error: 403 Client Error: Forbidden for url: https://www.booktopia.com.au/book/9780141183053.html
2024-05-17 09:38:24,555-ERROR-HTTP Error: 403 Client Error: Forbidden for url: https://www.booktopia.com.au/book/9780141183053.html
2024-05-17 09:38:25,065-ERROR-HTTP Error: 403 Client Error: Forbidden for url: https://www.booktopia.com.au/book/9780141183053.html
2024-05-17 09:38:25,612-ERROR-HTTP Error: 403 Client Error: Forbidden for url: https://www.booktopia.com.au/book/9780141183053.html
2024-05-17 09:38:26,178-ERROR-HTTP Error: 403 Client Error: Forbidden for url: https://www.booktopia.com.au/book/9780141183053.html
2024-05-17 09:38:26,710-ERROR-HTTP Error: 403 Client Error: Forbidden for url: https://www.booktopia.com.au/book/9780141183053.html
2024-05-17 09:42:16,585-ERROR-HTTP Error: 403 Client Error: Forbidden for url: https://www.booktopia.com.au/the-screwtape-letters-letters-from-a-senior-to-a-junior-devil-c-s-lewis/book/9780007461240.html
2024-05-17 09:42:17,125-ERROR-HTTP Error: 403 Client Error: Forbidden for url: https://www.booktopia.com.au/the-screwtape-letters-letters-from-a-senior-to-a-junior-devil-c-s-lewis/book/9780007461240.html
2024-05-17 09:42:17,646-ERROR-HTTP Error: 403 Client Error: Forbidden for url: https://www.booktopia.com.au/the-screwtape-letters-letters-from-a-senior-to-a-junior-devil-c-s-lewis/book/9780007461240.html
2024-05-17 09:42:18,293-ERROR-HTTP Error: 403 Client Error: Forbidden for url: https://www.booktopia.com.au/the-screwtape-letters-letters-from-a-senior-to-a-junior-devil-c-s-lewis/book/9780007461240.html
2024-05-17 09:42:18,811-ERROR-HTTP Error: 403 Client Error: Forbidden for url: https://www.booktopia.com.au/the-screwtape-letters-letters-from-a-senior-to-a-junior-devil-c-s-lewis/book/9780007461240.html
2024-05-17 09:42:19,433-ERROR-HTTP Error: 403 Client Error: Forbidden for url: https://www.booktopia.com.au/the-screwtape-letters-letters-from-a-senior-to-a-junior-devil-c-s-lewis/book/9780007461240.html
2024-05-17 09:42:19,963-ERROR-HTTP Error: 403 Client Error: Forbidden for url: https://www.booktopia.com.au/the-screwtape-letters-letters-from-a-senior-to-a-junior-devil-c-s-lewis/book/9780007461240.html
2024-05-17 09:42:20,472-ERROR-HTTP Error: 403 Client Error: Forbidden for url: https://www.booktopia.com.au/the-screwtape-letters-letters-from-a-senior-to-a-junior-devil-c-s-lewis/book/9780007461240.html
2024-05-17 09:42:21,003-ERROR-HTTP Error: 403 Client Error: Forbidden for url: https://www.booktopia.com.au/the-screwtape-letters-letters-from-a-senior-to-a-junior-devil-c-s-lewis/book/9780007461240.html
2024-05-17 09:42:21,525-ERROR-HTTP Error: 403 Client Error: Forbidden for url: https://www.booktopia.com.au/the-screwtape-letters-letters-from-a-senior-to-a-junior-devil-c-s-lewis/book/9780007461240.html
2024-05-17 09:42:22,044-ERROR-HTTP Error: 403 Client Error: Forbidden for url: https://www.booktopia.com.au/the-screwtape-letters-letters-from-a-senior-to-a-junior-devil-c-s-lewis/book/9780007461240.html
2024-05-17 09:42:22,548-ERROR-HTTP Error: 403 Client Error: Forbidden for url: https://www.booktopia.com.au/the-screwtape-letters-letters-from-a-senior-to-a-junior-devil-c-s-lewis/book/9780007461240.html
2024-05-17 09:42:23,065-ERROR-HTTP Error: 403 Client Error: Forbidden for url: https://www.booktopia.com.au/the-screwtape-letters-letters-from-a-senior-to-a-junior-devil-c-s-lewis/book/9780007461240.html
2024-05-17 09:42:23,575-ERROR-HTTP Error: 403 Client Error: Forbidden for url: https://www.booktopia.com.au/the-screwtape-letters-letters-from-a-senior-to-a-junior-devil-c-s-lewis/book/9780007461240.html
2024-05-17 09:42:24,420-ERROR-HTTP Error: 403 Client Error: Forbidden for url: https://www.booktopia.com.au/the-screwtape-letters-letters-from-a-senior-to-a-junior-devil-c-s-lewis/book/9780007461240.html
2024-05-17 09:42:24,971-ERROR-HTTP Error: 403 Client Error: Forbidden for url: https://www.booktopia.com.au/the-screwtape-letters-letters-from-a-senior-to-a-junior-devil-c-s-lewis/book/9780007461240.html
2024-05-17 09:42:25,522-ERROR-HTTP Error: 403 Client Error: Forbidden for url: https://www.booktopia.com.au/the-screwtape-letters-letters-from-a-senior-to-a-junior-devil-c-s-lewis/book/9780007461240.html
2024-05-17 09:42:26,073-ERROR-HTTP Error: 403 Client Error: Forbidden for url: https://www.booktopia.com.au/the-screwtape-letters-letters-from-a-senior-to-a-junior-devil-c-s-lewis/book/9780007461240.html
2024-05-17 09:42:26,611-ERROR-HTTP Error: 403 Client Error: Forbidden for url: https://www.booktopia.com.au/the-screwtape-letters-letters-from-a-senior-to-a-junior-devil-c-s-lewis/book/9780007461240.html
2024-05-17 09:42:27,158-ERROR-HTTP Error: 403 Client Error: Forbidden for url: https://www.booktopia.com.au/the-screwtape-letters-letters-from-a-senior-to-a-junior-devil-c-s-lewis/book/9780007461240.html
2024-05-17 09:42:27,687-ERROR-HTTP Error: 403 Client Error: Forbidden for url: https://www.booktopia.com.au/the-screwtape-letters-letters-from-a-senior-to-a-junior-devil-c-s-lewis/book/9780007461240.html
2024-05-17 09:42:28,239-ERROR-HTTP Error: 403 Client Error: Forbidden for url: https://www.booktopia.com.au/the-screwtape-letters-letters-from-a-senior-to-a-junior-devil-c-s-lewis/book/9780007461240.html
2024-05-17 09:42:28,782-ERROR-HTTP Error: 403 Client Error: Forbidden for url: https://www.booktopia.com.au/the-screwtape-letters-letters-from-a-senior-to-a-junior-devil-c-s-lewis/book/9780007461240.html
2024-05-17 09:42:29,342-ERROR-HTTP Error: 403 Client Error: Forbidden for url: https://www.booktopia.com.au/the-screwtape-letters-letters-from-a-senior-to-a-junior-devil-c-s-lewis/book/9780007461240.html
2024-05-17 09:42:29,848-ERROR-HTTP Error: 403 Client Error: Forbidden for url: https://www.booktopia.com.au/the-screwtape-letters-letters-from-a-senior-to-a-junior-devil-c-s-lewis/book/9780007461240.html
2024-05-17 09:42:30,398-ERROR-HTTP Error: 403 Client Error: Forbidden for url: https://www.booktopia.com.au/the-screwtape-letters-letters-from-a-senior-to-a-junior-devil-c-s-lewis/book/9780007461240.html
2024-05-17 09:42:30,949-ERROR-HTTP Error: 403 Client Error: Forbidden for url: https://www.booktopia.com.au/the-screwtape-letters-letters-from-a-senior-to-a-junior-devil-c-s-lewis/book/9780007461240.html
2024-05-17 09:42:31,496-ERROR-HTTP Error: 403 Client Error: Forbidden for url: https://www.booktopia.com.au/the-screwtape-letters-letters-from-a-senior-to-a-junior-devil-c-s-lewis/book/9780007461240.html
2024-05-17 09:42:32,024-ERROR-HTTP Error: 403 Client Error: Forbidden for url: https://www.booktopia.com.au/the-screwtape-letters-letters-from-a-senior-to-a-junior-devil-c-s-lewis/book/9780007461240.html
2024-05-17 09:42:32,568-ERROR-HTTP Error: 403 Client Error: Forbidden for url: https://www.booktopia.com.au/the-screwtape-letters-letters-from-a-senior-to-a-junior-devil-c-s-lewis/book/9780007461240.html
2024-05-17 09:42:33,123-ERROR-HTTP Error: 403 Client Error: Forbidden for url: https://www.booktopia.com.au/the-screwtape-letters-letters-from-a-senior-to-a-junior-devil-c-s-lewis/book/9780007461240.html
2024-05-17 09:43:27,180-ERROR-HTTP Error: 403 Client Error: Forbidden for url: https://www.booktopia.com.au/book/9780007461240.html
2024-05-17 09:43:27,739-ERROR-HTTP Error: 403 Client Error: Forbidden for url: https://www.booktopia.com.au/book/9780307762528.html
2024-05-17 09:43:28,281-ERROR-HTTP Error: 403 Client Error: Forbidden for url: https://www.booktopia.com.au/book/9780743422277.html
2024-05-17 09:43:28,879-ERROR-HTTP Error: 403 Client Error: Forbidden for url: https://www.booktopia.com.au/book/9780241290002.html
2024-05-17 09:43:29,430-ERROR-HTTP Error: 403 Client Error: Forbidden for url: https://www.booktopia.com.au/book/9780061763403.html
2024-05-17 09:43:29,962-ERROR-HTTP Error: 403 Client Error: Forbidden for url: https://www.booktopia.com.au/book/9780463983096.html
2024-05-17 09:43:30,507-ERROR-HTTP Error: 403 Client Error: Forbidden for url: https://www.booktopia.com.au/book/9780241365984.html
2024-05-17 09:43:31,036-ERROR-HTTP Error: 403 Client Error: Forbidden for url: https://www.booktopia.com.au/book/9781322117171.html
2024-05-17 09:43:31,594-ERROR-HTTP Error: 403 Client Error: Forbidden for url: https://www.booktopia.com.au/book/9780141911717.html
2024-05-17 09:43:32,161-ERROR-HTTP Error: 403 Client Error: Forbidden for url: https://www.booktopia.com.au/book/9780141930169.html
2024-05-17 09:43:32,726-ERROR-HTTP Error: 403 Client Error: Forbidden for url: https://www.booktopia.com.au/book/9781250316783.html
2024-05-17 09:43:33,250-ERROR-HTTP Error: 403 Client Error: Forbidden for url: https://www.booktopia.com.au/book/9780748115358.html
2024-05-17 09:43:33,820-ERROR-HTTP Error: 403 Client Error: Forbidden for url: https://www.booktopia.com.au/book/9780141342436.html
2024-05-17 09:43:34,345-ERROR-HTTP Error: 403 Client Error: Forbidden for url: https://www.booktopia.com.au/book/9780141903125.html
2024-05-17 09:43:34,935-ERROR-HTTP Error: 403 Client Error: Forbidden for url: https://www.booktopia.com.au/book/9780141928685.html
2024-05-17 09:43:35,462-ERROR-HTTP Error: 403 Client Error: Forbidden for url: https://www.booktopia.com.au/book/9780755386390.html
2024-05-17 09:43:35,998-ERROR-HTTP Error: 403 Client Error: Forbidden for url: https://www.booktopia.com.au/book/9780230739673.html
2024-05-17 09:43:36,532-ERROR-HTTP Error: 403 Client Error: Forbidden for url: https://www.booktopia.com.au/book/9781310517228.html
2024-05-17 09:43:37,121-ERROR-HTTP Error: 403 Client Error: Forbidden for url: https://www.booktopia.com.au/book/9780698137653.html
2024-05-17 09:43:37,694-ERROR-HTTP Error: 403 Client Error: Forbidden for url: https://www.booktopia.com.au/book/9780956308641.html
2024-05-17 09:43:38,237-ERROR-HTTP Error: 403 Client Error: Forbidden for url: https://www.booktopia.com.au/book/9781405921107.html
2024-05-17 09:43:38,753-ERROR-HTTP Error: 403 Client Error: Forbidden for url: https://www.booktopia.com.au/book/9780575087057.html
2024-05-17 09:43:39,311-ERROR-HTTP Error: 403 Client Error: Forbidden for url: https://www.booktopia.com.au/book/9780440336358.html
2024-05-17 09:43:39,870-ERROR-HTTP Error: 403 Client Error: Forbidden for url: https://www.booktopia.com.au/book/9780755332557.html
2024-05-17 09:43:40,439-ERROR-HTTP Error: 403 Client Error: Forbidden for url: https://www.booktopia.com.au/book/9780470901038.html
2024-05-17 09:43:40,985-ERROR-HTTP Error: 403 Client Error: Forbidden for url: https://www.booktopia.com.au/book/9780698185890.html
2024-05-17 09:43:41,512-ERROR-HTTP Error: 403 Client Error: Forbidden for url: https://www.booktopia.com.au/book/9780857202994.html
2024-05-17 09:43:42,075-ERROR-HTTP Error: 403 Client Error: Forbidden for url: https://www.booktopia.com.au/book/9780446539654.html
2024-05-17 09:43:42,705-ERROR-HTTP Error: 403 Client Error: Forbidden for url: https://www.booktopia.com.au/book/9781310869686.html
2024-05-17 09:43:43,257-ERROR-HTTP Error: 403 Client Error: Forbidden for url: https://www.booktopia.com.au/book/9780241242643.html
2024-05-17 09:43:43,808-ERROR-HTTP Error: 403 Client Error: Forbidden for url: https://www.booktopia.com.au/book/9780748109265.html
2024-05-17 09:43:44,347-ERROR-HTTP Error: 403 Client Error: Forbidden for url: https://www.booktopia.com.au/book/9780241980750.html
2024-05-17 09:43:44,873-ERROR-HTTP Error: 403 Client Error: Forbidden for url: https://www.booktopia.com.au/book/9780330469364.html
2024-05-17 09:43:45,394-ERROR-HTTP Error: 403 Client Error: Forbidden for url: https://www.booktopia.com.au/book/9780241379011.html
2024-05-17 09:43:45,918-ERROR-HTTP Error: 403 Client Error: Forbidden for url: https://www.booktopia.com.au/book/9780575088436.html
2024-05-17 09:43:46,455-ERROR-HTTP Error: 403 Client Error: Forbidden for url: https://www.booktopia.com.au/book/9781405927697.html
2024-05-17 09:43:46,974-ERROR-HTTP Error: 403 Client Error: Forbidden for url: https://www.booktopia.com.au/book/9780755350841.html
2024-05-17 09:43:47,490-ERROR-HTTP Error: 403 Client Error: Forbidden for url: https://www.booktopia.com.au/book/9781101117996.html
2024-05-17 09:43:48,044-ERROR-HTTP Error: 403 Client Error: Forbidden for url: https://www.booktopia.com.au/book/9781101209356.html
2024-05-17 09:43:48,584-ERROR-HTTP Error: 403 Client Error: Forbidden for url: https://www.booktopia.com.au/book/9780755373970.html
2024-05-17 09:43:49,111-ERROR-HTTP Error: 403 Client Error: Forbidden for url: https://www.booktopia.com.au/book/9780755380558.html
2024-05-17 09:43:49,638-ERROR-HTTP Error: 403 Client Error: Forbidden for url: https://www.booktopia.com.au/book/9780439023481.html
2024-05-17 09:43:50,181-ERROR-HTTP Error: 403 Client Error: Forbidden for url: https://www.booktopia.com.au/book/9781250232984.html
2024-05-17 09:43:50,715-ERROR-HTTP Error: 403 Client Error: Forbidden for url: https://www.booktopia.com.au/book/9780141926902.html
2024-05-17 09:43:51,279-ERROR-HTTP Error: 403 Client Error: Forbidden for url: https://www.booktopia.com.au/book/9780571333141.html
2024-05-17 09:43:51,831-ERROR-HTTP Error: 403 Client Error: Forbidden for url: https://www.booktopia.com.au/book/9781407035536.html
2024-05-17 09:43:52,336-ERROR-HTTP Error: 403 Client Error: Forbidden for url: https://www.booktopia.com.au/book/9780141966151.html
2024-05-17 09:43:52,873-ERROR-HTTP Error: 403 Client Error: Forbidden for url: https://www.booktopia.com.au/book/9780230225916.html
2024-05-17 09:43:53,399-ERROR-HTTP Error: 403 Client Error: Forbidden for url: https://www.booktopia.com.au/book/9780804141116.html
2024-05-17 09:43:53,931-ERROR-HTTP Error: 403 Client Error: Forbidden for url: https://www.booktopia.com.au/book/9780141929385.html
2024-05-17 09:43:54,490-ERROR-HTTP Error: 403 Client Error: Forbidden for url: https://www.booktopia.com.au/book/9781471144011.html
2024-05-17 09:43:54,994-ERROR-HTTP Error: 403 Client Error: Forbidden for url: https://www.booktopia.com.au/book/9780141964089.html
2024-05-17 09:29:38,306-ERROR-HTTP Error: 500 Server Error: Internal Server Error for url: https://api.proxyscrape.com/v3/accounts/freebies/scraperapi/request
2024-05-17 09:31:15,523-ERROR-HTTP Error: 500 Server Error: Internal Server Error for url: https://api.proxyscrape.com/v3/accounts/freebies/scraperapi/request
2024-05-17 09:32:28,709-ERROR-HTTP Error: 500 Server Error: Internal Server Error for url: https://api.proxyscrape.com/v3/accounts/freebies/scraperapi/request
2024-05-17 09:32:29,839-ERROR-HTTP Error: 500 Server Error: Internal Server Error for url: https://api.proxyscrape.com/v3/accounts/freebies/scraperapi/request
2024-05-17 09:32:31,051-ERROR-HTTP Error: 500 Server Error: Internal Server Error for url: https://api.proxyscrape.com/v3/accounts/freebies/scraperapi/request
2024-05-17 09:32:39,825-ERROR-HTTP Error: 500 Server Error: Internal Server Error for url: https://api.proxyscrape.com/v3/accounts/freebies/scraperapi/request
2024-05-17 09:32:44,433-ERROR-HTTP Error: 500 Server Error: Internal Server Error for url: https://api.proxyscrape.com/v3/accounts/freebies/scraperapi/request
2024-05-17 09:32:45,099-ERROR-HTTP Error: 500 Server Error: Internal Server Error for url: https://api.proxyscrape.com/v3/accounts/freebies/scraperapi/request
2024-05-17 09:32:51,068-ERROR-HTTP Error: 500 Server Error: Internal Server Error for url: https://api.proxyscrape.com/v3/accounts/freebies/scraperapi/request
2024-05-17 09:32:56,308-ERROR-HTTP Error: 500 Server Error: Internal Server Error for url: https://api.proxyscrape.com/v3/accounts/freebies/scraperapi/request
2024-05-17 09:32:57,858-ERROR-HTTP Error: 500 Server Error: Internal Server Error for url: https://api.proxyscrape.com/v3/accounts/freebies/scraperapi/request
2024-05-17 09:32:58,171-ERROR-HTTP Error: 500 Server Error: Internal Server Error for url: https://api.proxyscrape.com/v3/accounts/freebies/scraperapi/request
2024-05-17 09:33:01,011-ERROR-HTTP Error: 500 Server Error: Internal Server Error for url: https://api.proxyscrape.com/v3/accounts/freebies/scraperapi/request
2024-05-17 09:33:08,385-ERROR-HTTP Error: 500 Server Error: Internal Server Error for url: https://api.proxyscrape.com/v3/accounts/freebies/scraperapi/request
2024-05-17 09:33:10,250-ERROR-HTTP Error: 500 Server Error: Internal Server Error for url: https://api.proxyscrape.com/v3/accounts/freebies/scraperapi/request
2024-05-17 09:33:12,368-ERROR-HTTP Error: 500 Server Error: Internal Server Error for url: https://api.proxyscrape.com/v3/accounts/freebies/scraperapi/request
2024-05-17 09:33:20,525-ERROR-HTTP Error: 500 Server Error: Internal Server Error for url: https://api.proxyscrape.com/v3/accounts/freebies/scraperapi/request
2024-05-17 09:33:23,856-ERROR-HTTP Error: 500 Server Error: Internal Server Error for url: https://api.proxyscrape.com/v3/accounts/freebies/scraperapi/request
2024-05-17 09:33:24,194-ERROR-HTTP Error: 500 Server Error: Internal Server Error for url: https://api.proxyscrape.com/v3/accounts/freebies/scraperapi/request
2024-05-17 09:33:32,392-ERROR-HTTP Error: 500 Server Error: Internal Server Error for url: https://api.proxyscrape.com/v3/accounts/freebies/scraperapi/request
2024-05-17 09:33:37,789-ERROR-HTTP Error: 500 Server Error: Internal Server Error for url: https://api.proxyscrape.com/v3/accounts/freebies/scraperapi/request
2024-05-17 09:33:38,418-ERROR-HTTP Error: 500 Server Error: Internal Server Error for url: https://api.proxyscrape.com/v3/accounts/freebies/scraperapi/request
2024-05-17 09:33:45,693-ERROR-HTTP Error: 500 Server Error: Internal Server Error for url: https://api.proxyscrape.com/v3/accounts/freebies/scraperapi/request
2024-05-17 09:33:50,748-ERROR-HTTP Error: 500 Server Error: Internal Server Error for url: https://api.proxyscrape.com/v3/accounts/freebies/scraperapi/request
2024-05-17 09:33:52,204-ERROR-HTTP Error: 500 Server Error: Internal Server Error for url: https://api.proxyscrape.com/v3/accounts/freebies/scraperapi/request
2024-05-17 09:33:54,308-ERROR-HTTP Error: 500 Server Error: Internal Server Error for url: https://api.proxyscrape.com/v3/accounts/freebies/scraperapi/request
2024-05-17 09:33:55,083-ERROR-HTTP Error: 500 Server Error: Internal Server Error for url: https://api.proxyscrape.com/v3/accounts/freebies/scraperapi/request
2024-05-17 09:34:03,465-ERROR-HTTP Error: 500 Server Error: Internal Server Error for url: https://api.proxyscrape.com/v3/accounts/freebies/scraperapi/request
2024-05-17 09:34:04,459-ERROR-HTTP Error: 500 Server Error: Internal Server Error for url: https://api.proxyscrape.com/v3/accounts/freebies/scraperapi/request
2024-05-17 09:34:09,833-ERROR-HTTP Error: 500 Server Error: Internal Server Error for url: https://api.proxyscrape.com/v3/accounts/freebies/scraperapi/request
2024-05-17 09:34:12,846-ERROR-HTTP Error: 500 Server Error: Internal Server Error for url: https://api.proxyscrape.com/v3/accounts/freebies/scraperapi/request
2024-05-17 09:34:13,499-ERROR-HTTP Error: 500 Server Error: Internal Server Error for url: https://api.proxyscrape.com/v3/accounts/freebies/scraperapi/request
2024-05-17 09:34:18,985-ERROR-HTTP Error: 500 Server Error: Internal Server Error for url: https://api.proxyscrape.com/v3/accounts/freebies/scraperapi/request
2024-05-17 09:34:23,099-ERROR-HTTP Error: 500 Server Error: Internal Server Error for url: https://api.proxyscrape.com/v3/accounts/freebies/scraperapi/request
2024-05-17 09:34:23,868-ERROR-HTTP Error: 500 Server Error: Internal Server Error for url: https://api.proxyscrape.com/v3/accounts/freebies/scraperapi/request
2024-05-17 09:34:28,387-ERROR-HTTP Error: 500 Server Error: Internal Server Error for url: https://api.proxyscrape.com/v3/accounts/freebies/scraperapi/request
2024-05-17 09:34:28,817-ERROR-HTTP Error: 500 Server Error: Internal Server Error for url: https://api.proxyscrape.com/v3/accounts/freebies/scraperapi/request
2024-05-17 09:34:33,512-ERROR-HTTP Error: 500 Server Error: Internal Server Error for url: https://api.proxyscrape.com/v3/accounts/freebies/scraperapi/request
2024-05-17 09:34:38,504-ERROR-HTTP Error: 500 Server Error: Internal Server Error for url: https://api.proxyscrape.com/v3/accounts/freebies/scraperapi/request
2024-05-17 09:34:39,012-ERROR-HTTP Error: 500 Server Error: Internal Server Error for url: https://api.proxyscrape.com/v3/accounts/freebies/scraperapi/request
2024-05-17 09:34:43,087-ERROR-HTTP Error: 500 Server Error: Internal Server Error for url: https://api.proxyscrape.com/v3/accounts/freebies/scraperapi/request
2024-05-17 09:34:44,090-ERROR-HTTP Error: 500 Server Error: Internal Server Error for url: https://api.proxyscrape.com/v3/accounts/freebies/scraperapi/request
2024-05-17 09:34:46,272-ERROR-HTTP Error: 500 Server Error: Internal Server Error for url: https://api.proxyscrape.com/v3/accounts/freebies/scraperapi/request
2024-05-17 09:34:46,782-ERROR-HTTP Error: 500 Server Error: Internal Server Error for url: https://api.proxyscrape.com/v3/accounts/freebies/scraperapi/request
2024-05-17 09:34:50,774-ERROR-HTTP Error: 500 Server Error: Internal Server Error for url: https://api.proxyscrape.com/v3/accounts/freebies/scraperapi/request
2024-05-17 09:34:50,802-ERROR-HTTP Error: 500 Server Error: Internal Server Error for url: https://api.proxyscrape.com/v3/accounts/freebies/scraperapi/request
2024-05-17 09:34:54,153-ERROR-HTTP Error: 500 Server Error: Internal Server Error for url: https://api.proxyscrape.com/v3/accounts/freebies/scraperapi/request
2024-05-17 09:34:56,916-ERROR-HTTP Error: 500 Server Error: Internal Server Error for url: https://api.proxyscrape.com/v3/accounts/freebies/scraperapi/request
2024-05-17 09:34:57,268-ERROR-HTTP Error: 500 Server Error: Internal Server Error for url: https://api.proxyscrape.com/v3/accounts/freebies/scraperapi/request
2024-05-17 09:34:58,066-ERROR-HTTP Error: 500 Server Error: Internal Server Error for url: https://api.proxyscrape.com/v3/accounts/freebies/scraperapi/request
2024-05-17 09:35:02,366-ERROR-HTTP Error: 500 Server Error: Internal Server Error for url: https://api.proxyscrape.com/v3/accounts/freebies/scraperapi/request
2024-05-17 09:35:04,647-ERROR-HTTP Error: 500 Server Error: Internal Server Error for url: https://api.proxyscrape.com/v3/accounts/freebies/scraperapi/request
2024-05-17 09:35:06,419-ERROR-HTTP Error: 500 Server Error: Internal Server Error for url: https://api.proxyscrape.com/v3/accounts/freebies/scraperapi/request
2024-05-17 09:35:10,721-ERROR-HTTP Error: 500 Server Error: Internal Server Error for url: https://api.proxyscrape.com/v3/accounts/freebies/scraperapi/request
2024-05-17 09:35:10,773-ERROR-HTTP Error: 500 Server Error: Internal Server Error for url: https://api.proxyscrape.com/v3/accounts/freebies/scraperapi/request
2024-05-17 09:35:14,014-ERROR-HTTP Error: 500 Server Error: Internal Server Error for url: https://api.proxyscrape.com/v3/accounts/freebies/scraperapi/request
2024-05-17 09:35:15,400-ERROR-HTTP Error: 500 Server Error: Internal Server Error for url: https://api.proxyscrape.com/v3/accounts/freebies/scraperapi/request
2024-05-17 09:35:22,883-ERROR-HTTP Error: 500 Server Error: Internal Server Error for url: https://api.proxyscrape.com/v3/accounts/freebies/scraperapi/request
2024-05-17 09:35:23,917-ERROR-HTTP Error: 500 Server Error: Internal Server Error for url: https://api.proxyscrape.com/v3/accounts/freebies/scraperapi/request
2024-05-17 09:35:24,747-ERROR-HTTP Error: 500 Server Error: Internal Server Error for url: https://api.proxyscrape.com/v3/accounts/freebies/scraperapi/request
2024-05-17 09:35:29,353-ERROR-HTTP Error: 500 Server Error: Internal Server Error for url: https://api.proxyscrape.com/v3/accounts/freebies/scraperapi/request
2024-05-17 09:35:35,747-ERROR-HTTP Error: 500 Server Error: Internal Server Error for url: https://api.proxyscrape.com/v3/accounts/freebies/scraperapi/request
2024-05-17 09:35:35,942-ERROR-HTTP Error: 500 Server Error: Internal Server Error for url: https://api.proxyscrape.com/v3/accounts/freebies/scraperapi/request
2024-05-17 09:35:36,520-ERROR-HTTP Error: 500 Server Error: Internal Server Error for url: https://api.proxyscrape.com/v3/accounts/freebies/scraperapi/request
2024-05-17 09:35:39,850-ERROR-HTTP Error: 500 Server Error: Internal Server Error for url: https://api.proxyscrape.com/v3/accounts/freebies/scraperapi/request
2024-05-17 09:35:42,324-ERROR-HTTP Error: 500 Server Error: Internal Server Error for url: https://api.proxyscrape.com/v3/accounts/freebies/scraperapi/request
2024-05-17 09:35:43,603-ERROR-HTTP Error: 500 Server Error: Internal Server Error for url: https://api.proxyscrape.com/v3/accounts/freebies/scraperapi/request
2024-05-17 09:35:46,522-ERROR-HTTP Error: 500 Server Error: Internal Server Error for url: https://api.proxyscrape.com/v3/accounts/freebies/scraperapi/request
2024-05-17 09:35:48,808-ERROR-HTTP Error: 500 Server Error: Internal Server Error for url: https://api.proxyscrape.com/v3/accounts/freebies/scraperapi/request
2024-05-17 09:35:50,720-ERROR-HTTP Error: 500 Server Error: Internal Server Error for url: https://api.proxyscrape.com/v3/accounts/freebies/scraperapi/request
2024-05-17 09:35:52,307-ERROR-HTTP Error: 500 Server Error: Internal Server Error for url: https://api.proxyscrape.com/v3/accounts/freebies/scraperapi/request
2024-05-17 09:35:55,910-ERROR-HTTP Error: 500 Server Error: Internal Server Error for url: https://api.proxyscrape.com/v3/accounts/freebies/scraperapi/request
2024-05-17 09:35:58,971-ERROR-HTTP Error: 500 Server Error: Internal Server Error for url: https://api.proxyscrape.com/v3/accounts/freebies/scraperapi/request
2024-05-17 09:35:59,205-ERROR-HTTP Error: 500 Server Error: Internal Server Error for url: https://api.proxyscrape.com/v3/accounts/freebies/scraperapi/request
2024-05-17 09:36:04,196-ERROR-HTTP Error: 500 Server Error: Internal Server Error for url: https://api.proxyscrape.com/v3/accounts/freebies/scraperapi/request
2024-05-17 09:36:09,031-ERROR-HTTP Error: 500 Server Error: Internal Server Error for url: https://api.proxyscrape.com/v3/accounts/freebies/scraperapi/request
2024-05-17 09:36:09,801-ERROR-HTTP Error: 500 Server Error: Internal Server Error for url: https://api.proxyscrape.com/v3/accounts/freebies/scraperapi/request
2024-05-17 09:36:14,108-ERROR-HTTP Error: 500 Server Error: Internal Server Error for url: https://api.proxyscrape.com/v3/accounts/freebies/scraperapi/request
2024-05-17 09:36:20,158-ERROR-HTTP Error: 500 Server Error: Internal Server Error for url: https://api.proxyscrape.com/v3/accounts/freebies/scraperapi/request
2024-05-17 09:36:20,479-ERROR-HTTP Error: 500 Server Error: Internal Server Error for url: https://api.proxyscrape.com/v3/accounts/freebies/scraperapi/request
2024-05-17 09:36:21,792-ERROR-HTTP Error: 500 Server Error: Internal Server Error for url: https://api.proxyscrape.com/v3/accounts/freebies/scraperapi/request
2024-05-17 09:36:21,829-ERROR-HTTP Error: 500 Server Error: Internal Server Error for url: https://api.proxyscrape.com/v3/accounts/freebies/scraperapi/request
2024-05-17 09:36:26,826-ERROR-HTTP Error: 500 Server Error: Internal Server Error for url: https://api.proxyscrape.com/v3/accounts/freebies/scraperapi/request
2024-05-17 09:36:27,780-ERROR-HTTP Error: 500 Server Error: Internal Server Error for url: https://api.proxyscrape.com/v3/accounts/freebies/scraperapi/request
2024-05-17 09:36:30,371-ERROR-HTTP Error: 500 Server Error: Internal Server Error for url: https://api.proxyscrape.com/v3/accounts/freebies/scraperapi/request
2024-05-17 09:36:32,039-ERROR-HTTP Error: 500 Server Error: Internal Server Error for url: https://api.proxyscrape.com/v3/accounts/freebies/scraperapi/request
2024-05-17 09:36:41,302-ERROR-HTTP Error: 500 Server Error: Internal Server Error for url: https://api.proxyscrape.com/v3/accounts/freebies/scraperapi/request
2024-05-17 09:36:44,961-ERROR-HTTP Error: 500 Server Error: Internal Server Error for url: https://api.proxyscrape.com/v3/accounts/freebies/scraperapi/request
2024-05-17 09:36:53,619-ERROR-HTTP Error: 500 Server Error: Internal Server Error for url: https://api.proxyscrape.com/v3/accounts/freebies/scraperapi/request
2024-05-17 09:36:54,952-ERROR-HTTP Error: 500 Server Error: Internal Server Error for url: https://api.proxyscrape.com/v3/accounts/freebies/scraperapi/request
2024-05-17 09:36:57,650-ERROR-HTTP Error: 500 Server Error: Internal Server Error for url: https://api.proxyscrape.com/v3/accounts/freebies/scraperapi/request
2024-05-17 09:36:58,923-ERROR-HTTP Error: 500 Server Error: Internal Server Error for url: https://api.proxyscrape.com/v3/accounts/freebies/scraperapi/request
2024-05-17 09:37:09,137-ERROR-HTTP Error: 500 Server Error: Internal Server Error for url: https://api.proxyscrape.com/v3/accounts/freebies/scraperapi/request
2024-05-17 09:37:11,281-ERROR-HTTP Error: 500 Server Error: Internal Server Error for url: https://api.proxyscrape.com/v3/accounts/freebies/scraperapi/request
2024-05-17 09:37:13,847-ERROR-HTTP Error: 500 Server Error: Internal Server Error for url: https://api.proxyscrape.com/v3/accounts/freebies/scraperapi/request
2024-05-17 09:37:15,793-ERROR-HTTP Error: 500 Server Error: Internal Server Error for url: https://api.proxyscrape.com/v3/accounts/freebies/scraperapi/request
2024-05-17 09:37:23,939-ERROR-HTTP Error: 500 Server Error: Internal Server Error for url: https://api.proxyscrape.com/v3/accounts/freebies/scraperapi/request
2024-05-17 09:37:24,338-ERROR-HTTP Error: 500 Server Error: Internal Server Error for url: https://api.proxyscrape.com/v3/accounts/freebies/scraperapi/request
2024-05-17 09:37:26,866-ERROR-HTTP Error: 500 Server Error: Internal Server Error for url: https://api.proxyscrape.com/v3/accounts/freebies/scraperapi/request
2024-05-17 09:37:30,749-ERROR-HTTP Error: 500 Server Error: Internal Server Error for url: https://api.proxyscrape.com/v3/accounts/freebies/scraperapi/request
2024-05-17 09:37:42,171-ERROR-HTTP Error: 500 Server Error: Internal Server Error for url: https://api.proxyscrape.com/v3/accounts/freebies/scraperapi/request
2024-05-17 09:37:43,839-ERROR-HTTP Error: 500 Server Error: Internal Server Error for url: https://api.proxyscrape.com/v3/accounts/freebies/scraperapi/request
2024-05-17 09:56:43,230-ERROR-HTTP Error: 500 Server Error: Internal Server Error for url: https://api.proxyscrape.com/v3/accounts/freebies/scraperapi/request
2024-05-17 09:56:44,041-ERROR-HTTP Error: 500 Server Error: Internal Server Error for url: https://api.proxyscrape.com/v3/accounts/freebies/scraperapi/request
2024-05-17 09:56:44,224-ERROR-HTTP Error: 500 Server Error: Internal Server Error for url: https://api.proxyscrape.com/v3/accounts/freebies/scraperapi/request
2024-05-17 09:56:45,205-ERROR-HTTP Error: 500 Server Error: Internal Server Error for url: https://api.proxyscrape.com/v3/accounts/freebies/scraperapi/request
2024-05-17 09:56:51,902-ERROR-HTTP Error: 500 Server Error: Internal Server Error for url: https://api.proxyscrape.com/v3/accounts/freebies/scraperapi/request
2024-05-17 09:56:53,668-ERROR-HTTP Error: 500 Server Error: Internal Server Error for url: https://api.proxyscrape.com/v3/accounts/freebies/scraperapi/request
2024-05-17 09:56:55,332-ERROR-HTTP Error: 500 Server Error: Internal Server Error for url: https://api.proxyscrape.com/v3/accounts/freebies/scraperapi/request
2024-05-17 09:56:57,025-ERROR-HTTP Error: 500 Server Error: Internal Server Error for url: https://api.proxyscrape.com/v3/accounts/freebies/scraperapi/request
2024-05-17 09:57:04,004-ERROR-HTTP Error: 500 Server Error: Internal Server Error for url: https://api.proxyscrape.com/v3/accounts/freebies/scraperapi/request
2024-05-17 09:57:07,608-ERROR-HTTP Error: 500 Server Error: Internal Server Error for url: https://api.proxyscrape.com/v3/accounts/freebies/scraperapi/request
2024-05-17 09:57:08,489-ERROR-HTTP Error: 500 Server Error: Internal Server Error for url: https://api.proxyscrape.com/v3/accounts/freebies/scraperapi/request
2024-05-17 09:57:17,983-ERROR-HTTP Error: 500 Server Error: Internal Server Error for url: https://api.proxyscrape.com/v3/accounts/freebies/scraperapi/request
2024-05-17 09:57:20,406-ERROR-HTTP Error: 500 Server Error: Internal Server Error for url: https://api.proxyscrape.com/v3/accounts/freebies/scraperapi/request
2024-05-17 09:57:21,776-ERROR-HTTP Error: 500 Server Error: Internal Server Error for url: https://api.proxyscrape.com/v3/accounts/freebies/scraperapi/request
2024-05-17 09:57:22,429-ERROR-HTTP Error: 500 Server Error: Internal Server Error for url: https://api.proxyscrape.com/v3/accounts/freebies/scraperapi/request
2024-05-17 09:57:27,799-ERROR-HTTP Error: 500 Server Error: Internal Server Error for url: https://api.proxyscrape.com/v3/accounts/freebies/scraperapi/request
2024-05-17 09:57:30,992-ERROR-HTTP Error: 500 Server Error: Internal Server Error for url: https://api.proxyscrape.com/v3/accounts/freebies/scraperapi/request
2024-05-17 09:57:33,364-ERROR-HTTP Error: 500 Server Error: Internal Server Error for url: https://api.proxyscrape.com/v3/accounts/freebies/scraperapi/request
2024-05-17 09:57:34,916-ERROR-HTTP Error: 500 Server Error: Internal Server Error for url: https://api.proxyscrape.com/v3/accounts/freebies/scraperapi/request
2024-05-17 09:57:39,430-ERROR-HTTP Error: 500 Server Error: Internal Server Error for url: https://api.proxyscrape.com/v3/accounts/freebies/scraperapi/request
2024-05-17 09:57:43,751-ERROR-HTTP Error: 500 Server Error: Internal Server Error for url: https://api.proxyscrape.com/v3/accounts/freebies/scraperapi/request
2024-05-17 09:57:45,139-ERROR-HTTP Error: 500 Server Error: Internal Server Error for url: https://api.proxyscrape.com/v3/accounts/freebies/scraperapi/request
2024-05-17 09:57:45,392-ERROR-HTTP Error: 500 Server Error: Internal Server Error for url: https://api.proxyscrape.com/v3/accounts/freebies/scraperapi/request
2024-05-17 09:57:50,057-ERROR-HTTP Error: 500 Server Error: Internal Server Error for url: https://api.proxyscrape.com/v3/accounts/freebies/scraperapi/request
2024-05-17 09:57:55,940-ERROR-HTTP Error: 500 Server Error: Internal Server Error for url: https://api.proxyscrape.com/v3/accounts/freebies/scraperapi/request
2024-05-17 09:57:57,809-ERROR-HTTP Error: 500 Server Error: Internal Server Error for url: https://api.proxyscrape.com/v3/accounts/freebies/scraperapi/request
2024-05-17 09:57:58,464-ERROR-HTTP Error: 500 Server Error: Internal Server Error for url: https://api.proxyscrape.com/v3/accounts/freebies/scraperapi/request
2024-05-17 09:58:01,698-ERROR-HTTP Error: 500 Server Error: Internal Server Error for url: https://api.proxyscrape.com/v3/accounts/freebies/scraperapi/request
2024-05-17 09:58:07,184-ERROR-HTTP Error: 500 Server Error: Internal Server Error for url: https://api.proxyscrape.com/v3/accounts/freebies/scraperapi/request
2024-05-17 09:58:08,746-ERROR-HTTP Error: 500 Server Error: Internal Server Error for url: https://api.proxyscrape.com/v3/accounts/freebies/scraperapi/request
2024-05-17 09:58:20,270-ERROR-HTTP Error: 500 Server Error: Internal Server Error for url: https://api.proxyscrape.com/v3/accounts/freebies/scraperapi/request
2024-05-17 09:58:33,470-ERROR-HTTP Error: 500 Server Error: Internal Server Error for url: https://api.proxyscrape.com/v3/accounts/freebies/scraperapi/request
2024-05-17 09:58:38,771-ERROR-HTTP Error: 500 Server Error: Internal Server Error for url: https://api.proxyscrape.com/v3/accounts/freebies/scraperapi/request
2024-05-17 09:58:42,808-ERROR-HTTP Error: 500 Server Error: Internal Server Error for url: https://api.proxyscrape.com/v3/accounts/freebies/scraperapi/request
2024-05-17 09:58:50,640-ERROR-HTTP Error: 500 Server Error: Internal Server Error for url: https://api.proxyscrape.com/v3/accounts/freebies/scraperapi/request
2024-05-17 09:58:53,626-ERROR-HTTP Error: 500 Server Error: Internal Server Error for url: https://api.proxyscrape.com/v3/accounts/freebies/scraperapi/request
2024-05-17 09:58:53,901-ERROR-HTTP Error: 500 Server Error: Internal Server Error for url: https://api.proxyscrape.com/v3/accounts/freebies/scraperapi/request
2024-05-17 09:58:56,896-ERROR-HTTP Error: 500 Server Error: Internal Server Error for url: https://api.proxyscrape.com/v3/accounts/freebies/scraperapi/request
2024-05-17 09:59:03,690-ERROR-HTTP Error: 500 Server Error: Internal Server Error for url: https://api.proxyscrape.com/v3/accounts/freebies/scraperapi/request
2024-05-17 09:59:07,041-ERROR-HTTP Error: 500 Server Error: Internal Server Error for url: https://api.proxyscrape.com/v3/accounts/freebies/scraperapi/request
2024-05-17 09:59:07,846-ERROR-HTTP Error: 500 Server Error: Internal Server Error for url: https://api.proxyscrape.com/v3/accounts/freebies/scraperapi/request
2024-05-17 09:59:09,998-ERROR-HTTP Error: 500 Server Error: Internal Server Error for url: https://api.proxyscrape.com/v3/accounts/freebies/scraperapi/request
2024-05-17 09:59:16,841-ERROR-HTTP Error: 500 Server Error: Internal Server Error for url: https://api.proxyscrape.com/v3/accounts/freebies/scraperapi/request
2024-05-17 09:59:19,076-ERROR-HTTP Error: 500 Server Error: Internal Server Error for url: https://api.proxyscrape.com/v3/accounts/freebies/scraperapi/request
2024-05-17 09:59:22,666-ERROR-HTTP Error: 500 Server Error: Internal Server Error for url: https://api.proxyscrape.com/v3/accounts/freebies/scraperapi/request
2024-05-17 09:59:23,529-ERROR-HTTP Error: 500 Server Error: Internal Server Error for url: https://api.proxyscrape.com/v3/accounts/freebies/scraperapi/request
2024-05-17 09:59:31,027-ERROR-HTTP Error: 500 Server Error: Internal Server Error for url: https://api.proxyscrape.com/v3/accounts/freebies/scraperapi/request
2024-05-17 09:59:33,038-ERROR-HTTP Error: 500 Server Error: Internal Server Error for url: https://api.proxyscrape.com/v3/accounts/freebies/scraperapi/request
2024-05-17 09:59:34,457-ERROR-HTTP Error: 500 Server Error: Internal Server Error for url: https://api.proxyscrape.com/v3/accounts/freebies/scraperapi/request
2024-05-17 09:59:35,433-ERROR-HTTP Error: 500 Server Error: Internal Server Error for url: https://api.proxyscrape.com/v3/accounts/freebies/scraperapi/request
2024-05-17 09:59:38,188-ERROR-HTTP Error: 500 Server Error: Internal Server Error for url: https://api.proxyscrape.com/v3/accounts/freebies/scraperapi/request
2024-05-17 09:59:40,983-ERROR-HTTP Error: 500 Server Error: Internal Server Error for url: https://api.proxyscrape.com/v3/accounts/freebies/scraperapi/request
2024-05-17 09:59:41,379-ERROR-HTTP Error: 500 Server Error: Internal Server Error for url: https://api.proxyscrape.com/v3/accounts/freebies/scraperapi/request
2024-05-17 09:59:41,841-ERROR-HTTP Error: 500 Server Error: Internal Server Error for url: https://api.proxyscrape.com/v3/accounts/freebies/scraperapi/request
2024-05-17 09:59:44,749-ERROR-HTTP Error: 500 Server Error: Internal Server Error for url: https://api.proxyscrape.com/v3/accounts/freebies/scraperapi/request
2024-05-17 09:59:45,986-ERROR-HTTP Error: 500 Server Error: Internal Server Error for url: https://api.proxyscrape.com/v3/accounts/freebies/scraperapi/request
2024-05-17 09:59:47,209-ERROR-HTTP Error: 500 Server Error: Internal Server Error for url: https://api.proxyscrape.com/v3/accounts/freebies/scraperapi/request
2024-05-17 09:59:50,346-ERROR-HTTP Error: 500 Server Error: Internal Server Error for url: https://api.proxyscrape.com/v3/accounts/freebies/scraperapi/request
2024-05-17 09:59:50,366-ERROR-HTTP Error: 500 Server Error: Internal Server Error for url: https://api.proxyscrape.com/v3/accounts/freebies/scraperapi/request
2024-05-17 09:59:51,995-ERROR-HTTP Error: 500 Server Error: Internal Server Error for url: https://api.proxyscrape.com/v3/accounts/freebies/scraperapi/request
2024-05-17 09:59:55,990-ERROR-HTTP Error: 500 Server Error: Internal Server Error for url: https://api.proxyscrape.com/v3/accounts/freebies/scraperapi/request
2024-05-17 09:59:56,335-ERROR-HTTP Error: 500 Server Error: Internal Server Error for url: https://api.proxyscrape.com/v3/accounts/freebies/scraperapi/request
2024-05-17 09:59:56,708-ERROR-HTTP Error: 500 Server Error: Internal Server Error for url: https://api.proxyscrape.com/v3/accounts/freebies/scraperapi/request
2024-05-17 09:59:58,929-ERROR-HTTP Error: 500 Server Error: Internal Server Error for url: https://api.proxyscrape.com/v3/accounts/freebies/scraperapi/request
2024-05-17 10:00:05,970-ERROR-HTTP Error: 500 Server Error: Internal Server Error for url: https://api.proxyscrape.com/v3/accounts/freebies/scraperapi/request
2024-05-17 10:00:06,627-ERROR-HTTP Error: 500 Server Error: Internal Server Error for url: https://api.proxyscrape.com/v3/accounts/freebies/scraperapi/request
2024-05-17 10:00:07,039-ERROR-HTTP Error: 500 Server Error: Internal Server Error for url: https://api.proxyscrape.com/v3/accounts/freebies/scraperapi/request
2024-05-17 10:00:09,890-ERROR-HTTP Error: 500 Server Error: Internal Server Error for url: https://api.proxyscrape.com/v3/accounts/freebies/scraperapi/request
2024-05-17 09:28:15,917-ERROR-HTTP Error: 500 Server Error: Internal Server Error for url: https://api.proxyscrape.com/v3/accounts/freebies/scraperapi/request
2024-05-17 09:28:16,346-ERROR-HTTP Error: 500 Server Error: Internal Server Error for url: https://api.proxyscrape.com/v3/accounts/freebies/scraperapi/request
2024-05-17 09:28:17,089-ERROR-HTTP Error: 500 Server Error: Internal Server Error for url: https://api.proxyscrape.com/v3/accounts/freebies/scraperapi/request
2024-05-17 09:28:18,270-ERROR-HTTP Error: 500 Server Error: Internal Server Error for url: https://api.proxyscrape.com/v3/accounts/freebies/scraperapi/request
2024-05-17 09:28:18,387-ERROR-HTTP Error: 500 Server Error: Internal Server Error for url: https://api.proxyscrape.com/v3/accounts/freebies/scraperapi/request
2024-05-17 09:28:19,460-ERROR-HTTP Error: 500 Server Error: Internal Server Error for url: https://api.proxyscrape.com/v3/accounts/freebies/scraperapi/request
2024-05-17 09:28:22,043-ERROR-HTTP Error: 500 Server Error: Internal Server Error for url: https://api.proxyscrape.com/v3/accounts/freebies/scraperapi/request
2024-05-17 09:28:23,264-ERROR-HTTP Error: 500 Server Error: Internal Server Error for url: https://api.proxyscrape.com/v3/accounts/freebies/scraperapi/request
2024-05-17 09:28:24,907-ERROR-HTTP Error: 500 Server Error: Internal Server Error for url: https://api.proxyscrape.com/v3/accounts/freebies/scraperapi/request
2024-05-17 09:28:25,694-ERROR-HTTP Error: 500 Server Error: Internal Server Error for url: https://api.proxyscrape.com/v3/accounts/freebies/scraperapi/request
2024-05-17 09:28:28,788-ERROR-HTTP Error: 500 Server Error: Internal Server Error for url: https://api.proxyscrape.com/v3/accounts/freebies/scraperapi/request
2024-05-17 09:28:29,859-ERROR-HTTP Error: 500 Server Error: Internal Server Error for url: https://api.proxyscrape.com/v3/accounts/freebies/scraperapi/request
2024-05-17 09:28:31,319-ERROR-HTTP Error: 500 Server Error: Internal Server Error for url: https://api.proxyscrape.com/v3/accounts/freebies/scraperapi/request
2024-05-17 09:28:31,697-ERROR-HTTP Error: 500 Server Error: Internal Server Error for url: https://api.proxyscrape.com/v3/accounts/freebies/scraperapi/request
2024-05-17 09:29:56,312-ERROR-HTTP Error: 500 Server Error: Internal Server Error for url: https://api.proxyscrape.com/v3/accounts/freebies/scraperapi/request
2024-05-17 09:29:56,791-ERROR-HTTP Error: 500 Server Error: Internal Server Error for url: https://api.proxyscrape.com/v3/accounts/freebies/scraperapi/request
2024-05-17 09:29:56,952-ERROR-HTTP Error: 500 Server Error: Internal Server Error for url: https://api.proxyscrape.com/v3/accounts/freebies/scraperapi/request
2024-05-17 09:29:57,508-ERROR-HTTP Error: 500 Server Error: Internal Server Error for url: https://api.proxyscrape.com/v3/accounts/freebies/scraperapi/request
2024-05-17 09:30:00,264-ERROR-HTTP Error: 500 Server Error: Internal Server Error for url: https://api.proxyscrape.com/v3/accounts/freebies/scraperapi/request
2024-05-17 09:30:00,443-ERROR-HTTP Error: 500 Server Error: Internal Server Error for url: https://api.proxyscrape.com/v3/accounts/freebies/scraperapi/request
2024-05-17 09:30:03,805-ERROR-HTTP Error: 500 Server Error: Internal Server Error for url: https://api.proxyscrape.com/v3/accounts/freebies/scraperapi/request
2024-05-17 09:30:04,189-ERROR-HTTP Error: 500 Server Error: Internal Server Error for url: https://api.proxyscrape.com/v3/accounts/freebies/scraperapi/request
2024-05-17 09:30:06,157-ERROR-HTTP Error: 500 Server Error: Internal Server Error for url: https://api.proxyscrape.com/v3/accounts/freebies/scraperapi/request
2024-05-17 09:30:06,419-ERROR-HTTP Error: 500 Server Error: Internal Server Error for url: https://api.proxyscrape.com/v3/accounts/freebies/scraperapi/request
2024-05-17 09:30:07,150-ERROR-HTTP Error: 500 Server Error: Internal Server Error for url: https://api.proxyscrape.com/v3/accounts/freebies/scraperapi/request
2024-05-17 09:56:28,451-ERROR-HTTP Error: 500 Server Error: Internal Server Error for url: https://api.proxyscrape.com/v3/accounts/freebies/scraperapi/request
2024-05-17 09:56:28,739-ERROR-HTTP Error: 500 Server Error: Internal Server Error for url: https://api.proxyscrape.com/v3/accounts/freebies/scraperapi/request
2024-05-17 09:56:31,055-ERROR-HTTP Error: 500 Server Error: Internal Server Error for url: https://api.proxyscrape.com/v3/accounts/freebies/scraperapi/request
2024-05-17 09:56:31,770-ERROR-HTTP Error: 500 Server Error: Internal Server Error for url: https://api.proxyscrape.com/v3/accounts/freebies/scraperapi/request
2024-05-17 09:56:32,019-ERROR-HTTP Error: 500 Server Error: Internal Server Error for url: https://api.proxyscrape.com/v3/accounts/freebies/scraperapi/request
2024-05-17 09:56:33,076-ERROR-HTTP Error: 500 Server Error: Internal Server Error for url: https://api.proxyscrape.com/v3/accounts/freebies/scraperapi/request
2024-05-17 09:56:33,454-ERROR-HTTP Error: 500 Server Error: Internal Server Error for url: https://api.proxyscrape.com/v3/accounts/freebies/scraperapi/request
2024-05-17 09:56:34,152-ERROR-HTTP Error: 500 Server Error: Internal Server Error for url: https://api.proxyscrape.com/v3/accounts/freebies/scraperapi/request
2024-05-17 09:56:35,617-ERROR-HTTP Error: 500 Server Error: Internal Server Error for url: https://api.proxyscrape.com/v3/accounts/freebies/scraperapi/request
2024-05-17 09:56:37,002-ERROR-HTTP Error: 500 Server Error: Internal Server Error for url: https://api.proxyscrape.com/v3/accounts/freebies/scraperapi/request
2024-05-17 09:56:37,804-ERROR-HTTP Error: 500 Server Error: Internal Server Error for url: https://api.proxyscrape.com/v3/accounts/freebies/scraperapi/request
2024-05-17 09:56:38,689-ERROR-HTTP Error: 500 Server Error: Internal Server Error for url: https://api.proxyscrape.com/v3/accounts/freebies/scraperapi/request
2024-05-17 09:56:41,838-ERROR-HTTP Error: 500 Server Error: Internal Server Error for url: https://api.proxyscrape.com/v3/accounts/freebies/scraperapi/request
2024-05-17 09:56:42,755-ERROR-HTTP Error: 500 Server Error: Internal Server Error for url: https://api.proxyscrape.com/v3/accounts/freebies/scraperapi/request
2024-05-17 09:56:42,909-ERROR-HTTP Error: 500 Server Error: Internal Server Error for url: https://api.proxyscrape.com/v3/accounts/freebies/scraperapi/request
2024-05-17 09:56:44,440-ERROR-HTTP Error: 500 Server Error: Internal Server Error for url: https://api.proxyscrape.com/v3/accounts/freebies/scraperapi/request
2024-05-17 09:56:45,368-ERROR-HTTP Error: 500 Server Error: Internal Server Error for url: https://api.proxyscrape.com/v3/accounts/freebies/scraperapi/request
2024-05-17 09:56:45,890-ERROR-HTTP Error: 500 Server Error: Internal Server Error for url: https://api.proxyscrape.com/v3/accounts/freebies/scraperapi/request
2024-05-17 09:56:46,386-ERROR-HTTP Error: 500 Server Error: Internal Server Error for url: https://api.proxyscrape.com/v3/accounts/freebies/scraperapi/request
2024-05-17 09:56:49,535-ERROR-HTTP Error: 500 Server Error: Internal Server Error for url: https://api.proxyscrape.com/v3/accounts/freebies/scraperapi/request
2024-05-17 09:56:49,785-ERROR-HTTP Error: 500 Server Error: Internal Server Error for url: https://api.proxyscrape.com/v3/accounts/freebies/scraperapi/request
2024-05-17 09:56:49,958-ERROR-HTTP Error: 500 Server Error: Internal Server Error for url: https://api.proxyscrape.com/v3/accounts/freebies/scraperapi/request
2024-05-17 09:56:50,036-ERROR-HTTP Error: 500 Server Error: Internal Server Error for url: https://api.proxyscrape.com/v3/accounts/freebies/scraperapi/request
